app/build/intermediates/manifest_merge_blame_file/debug/processDebugMainManifest/manifest-merger-blame-debug-report.txt
1<?xml version="1.0" encoding="utf-8"?>
2<manifest xmlns:android="http://schemas.android.com/apk/res/android"
3    package="com.extrotarget.extropos"
4    android:versionCode="1"
5    android:versionName="1.0" >
6
7    <uses-sdk
8        android:minSdkVersion="24"
9        android:targetSdkVersion="34" />
10
11    <uses-permission android:name="android.permission.INTERNET" />
11-->src/main/AndroidManifest.xml:4:5-67
11-->src/main/AndroidManifest.xml:4:22-64
12    <uses-permission android:name="android.permission.ACCESS_NETWORK_STATE" />
12-->src/main/AndroidManifest.xml:5:5-79
12-->src/main/AndroidManifest.xml:5:22-76
13    <uses-permission
13-->src/main/AndroidManifest.xml:6:5-7:38
14        android:name="android.permission.WRITE_EXTERNAL_STORAGE"
14-->src/main/AndroidManifest.xml:6:22-78
15        android:maxSdkVersion="28" />
15-->src/main/AndroidManifest.xml:7:9-35
16    <uses-permission
16-->src/main/AndroidManifest.xml:8:5-9:38
17        android:name="android.permission.READ_EXTERNAL_STORAGE"
17-->src/main/AndroidManifest.xml:8:22-77
18        android:maxSdkVersion="32" />
18-->src/main/AndroidManifest.xml:9:9-35
19    <uses-permission android:name="android.permission.READ_MEDIA_IMAGES" />
19-->src/main/AndroidManifest.xml:10:5-76
19-->src/main/AndroidManifest.xml:10:22-73
20    <uses-permission android:name="android.permission.READ_MEDIA_VIDEO" />
20-->src/main/AndroidManifest.xml:11:5-75
20-->src/main/AndroidManifest.xml:11:22-72
21    <uses-permission android:name="android.permission.READ_MEDIA_AUDIO" /> <!-- Bluetooth permissions for printer connectivity -->
21-->src/main/AndroidManifest.xml:12:5-75
21-->src/main/AndroidManifest.xml:12:22-72
22    <uses-permission android:name="android.permission.BLUETOOTH" />
22-->src/main/AndroidManifest.xml:15:5-68
22-->src/main/AndroidManifest.xml:15:22-65
23    <uses-permission android:name="android.permission.BLUETOOTH_ADMIN" />
23-->src/main/AndroidManifest.xml:16:5-74
23-->src/main/AndroidManifest.xml:16:22-71
24    <uses-permission android:name="android.permission.BLUETOOTH_CONNECT" />
24-->src/main/AndroidManifest.xml:17:5-76
24-->src/main/AndroidManifest.xml:17:22-73
25    <uses-permission android:name="android.permission.BLUETOOTH_SCAN" />
25-->src/main/AndroidManifest.xml:18:5-73
25-->src/main/AndroidManifest.xml:18:22-70
26    <uses-permission android:name="android.permission.ACCESS_FINE_LOCATION" />
26-->src/main/AndroidManifest.xml:19:5-79
26-->src/main/AndroidManifest.xml:19:22-76
27    <uses-permission android:name="android.permission.POST_NOTIFICATIONS" />
27-->[io.appwrite:sdk-for-android:5.0.0] AndroidManifest.xml:8:5-77
27-->[io.appwrite:sdk-for-android:5.0.0] AndroidManifest.xml:8:22-74
28    <uses-permission android:name="android.permission.REORDER_TASKS" />
28-->[androidx.fragment:fragment-testing-manifest:1.6.2] AndroidManifest.xml:23:5-72
28-->[androidx.fragment:fragment-testing-manifest:1.6.2] AndroidManifest.xml:23:22-69
29
30    <permission
30-->[androidx.core:core:1.12.0] AndroidManifest.xml:22:5-24:47
31        android:name="com.extrotarget.extropos.DYNAMIC_RECEIVER_NOT_EXPORTED_PERMISSION"
31-->[androidx.core:core:1.12.0] AndroidManifest.xml:23:9-81
32        android:protectionLevel="signature" />
32-->[androidx.core:core:1.12.0] AndroidManifest.xml:24:9-44
33
34    <uses-permission android:name="com.extrotarget.extropos.DYNAMIC_RECEIVER_NOT_EXPORTED_PERMISSION" />
34-->[androidx.core:core:1.12.0] AndroidManifest.xml:26:5-97
34-->[androidx.core:core:1.12.0] AndroidManifest.xml:26:22-94
35
36    <application
36-->src/main/AndroidManifest.xml:21:5-74:19
37        android:name="com.extrotarget.extropos.App"
37-->src/main/AndroidManifest.xml:22:9-28
38        android:allowBackup="true"
38-->src/main/AndroidManifest.xml:23:9-35
39        android:appComponentFactory="androidx.core.app.CoreComponentFactory"
39-->[androidx.core:core:1.12.0] AndroidManifest.xml:28:18-86
40        android:debuggable="true"
41        android:extractNativeLibs="false"
42        android:icon="@mipmap/ic_launcher"
42-->src/main/AndroidManifest.xml:24:9-43
43        android:label="@string/app_name"
43-->src/main/AndroidManifest.xml:25:9-41
44        android:theme="@style/AppTheme"
44-->src/main/AndroidManifest.xml:26:9-40
45        android:usesCleartextTraffic="true" >
45-->src/main/AndroidManifest.xml:27:9-44
46
47        <!-- Debug-only activity to quickly open the dashboard during development. -->
48        <activity
48-->src/debug/AndroidManifest.xml:7:9-13:20
49            android:name="com.extrotarget.extropos.debug.DebugLauncherActivity"
49-->src/debug/AndroidManifest.xml:7:19-86
50            android:exported="true" >
50-->src/debug/AndroidManifest.xml:8:13-36
51            <intent-filter>
51-->src/main/AndroidManifest.xml:58:13-61:29
52                <action android:name="android.intent.action.MAIN" />
52-->src/main/AndroidManifest.xml:59:17-69
52-->src/main/AndroidManifest.xml:59:25-66
53
54                <category android:name="android.intent.category.LAUNCHER" />
54-->src/main/AndroidManifest.xml:60:17-77
54-->src/main/AndroidManifest.xml:60:27-74
55            </intent-filter>
56        </activity>
57        <!-- Quick smoke test activity (added programmatically by debug build) -->
58        <activity
58-->src/debug/AndroidManifest.xml:15:5-76
59            android:name="com.extrotarget.extropos.DebugSmokeActivity"
59-->src/debug/AndroidManifest.xml:15:15-49
60            android:exported="true" />
60-->src/debug/AndroidManifest.xml:15:50-73
61        <!-- Expose debug helper activity that inserts a deterministic category for instrumentation tests -->
62        <activity
62-->src/debug/AndroidManifest.xml:17:9-18:39
63            android:name="com.extrotarget.extropos.ui.debug.DebugCategoryActivity"
63-->src/debug/AndroidManifest.xml:17:19-65
64            android:exported="true" />
64-->src/debug/AndroidManifest.xml:18:13-36
65        <activity
65-->src/debug/AndroidManifest.xml:19:9-20:39
66            android:name="com.extrotarget.extropos.ui.debug.DebugProductActivity"
66-->src/debug/AndroidManifest.xml:19:19-64
67            android:exported="true" />
67-->src/debug/AndroidManifest.xml:20:13-36
68
69        <!-- Hilt test host activities for FragmentScenario/ActivityScenario while running connected tests -->
70        <activity
70-->src/debug/AndroidManifest.xml:23:9-26:81
71            android:name="dagger.hilt.android.testing.HiltTestActivity"
71-->src/debug/AndroidManifest.xml:24:13-72
72            android:exported="true"
72-->src/debug/AndroidManifest.xml:25:13-36
73            android:theme="@style/FragmentScenarioEmptyFragmentActivityTheme" />
73-->src/debug/AndroidManifest.xml:26:13-78
74
75        <activity-alias
75-->src/debug/AndroidManifest.xml:28:9-31:85
76            android:name="androidx.fragment.app.testing.EmptyFragmentActivity"
76-->src/debug/AndroidManifest.xml:29:13-79
77            android:exported="true"
77-->src/debug/AndroidManifest.xml:30:13-36
78            android:targetActivity="dagger.hilt.android.testing.HiltTestActivity" />
78-->src/debug/AndroidManifest.xml:31:13-82
79
80        <activity
80-->src/debug/AndroidManifest.xml:33:9-36:81
81            android:name="com.extrotarget.extropos.ui.tests.HiltTestActivity"
81-->src/debug/AndroidManifest.xml:34:13-78
82            android:exported="true"
82-->src/debug/AndroidManifest.xml:35:13-36
83            android:theme="@style/FragmentScenarioEmptyFragmentActivityTheme" />
83-->src/debug/AndroidManifest.xml:36:13-78
84        <!-- Two-step auth flow activities -->
85        <!--
86 Use MainActivity as the launcher so the fragment-based dashboard is the home entry.
87             DashboardActivity is kept but marked non-exported; it can be started from the app's debug-only launcher
88             activity or via internal navigation for testing.
89        -->
90        <activity
90-->src/main/AndroidManifest.xml:33:9-37:50
91            android:name="com.extrotarget.extropos.ui.dashboard.DashboardActivity"
91-->src/main/AndroidManifest.xml:34:13-59
92            android:exported="false"
92-->src/main/AndroidManifest.xml:35:13-37
93            android:icon="@mipmap/ic_launcher"
93-->src/main/AndroidManifest.xml:37:13-47
94            android:label="@string/app_name" />
94-->src/main/AndroidManifest.xml:36:13-45
95        <activity
95-->src/main/AndroidManifest.xml:39:9-42:55
96            android:name="com.extrotarget.extropos.auth.EmailAuthActivity"
96-->src/main/AndroidManifest.xml:40:13-51
97            android:exported="false"
97-->src/main/AndroidManifest.xml:41:13-37
98            android:windowSoftInputMode="adjustPan" />
98-->src/main/AndroidManifest.xml:42:13-52
99        <activity
99-->src/main/AndroidManifest.xml:44:9-46:40
100            android:name="com.extrotarget.extropos.ui.pin.PinLoginActivity"
100-->src/main/AndroidManifest.xml:45:13-52
101            android:exported="false" />
101-->src/main/AndroidManifest.xml:46:13-37
102        <activity
102-->src/main/AndroidManifest.xml:48:9-50:40
103            android:name="com.extrotarget.extropos.ui.user.AddUserActivity"
103-->src/main/AndroidManifest.xml:49:13-52
104            android:exported="false" /> <!-- Existing main entry - will be the app's main host for fragment navigation. Keep non-exported. -->
104-->src/main/AndroidManifest.xml:50:13-37
105        <activity
105-->src/main/AndroidManifest.xml:53:9-62:20
106            android:name="com.extrotarget.extropos.MainActivity"
106-->src/main/AndroidManifest.xml:54:13-41
107            android:exported="true"
107-->src/main/AndroidManifest.xml:55:13-36
108            android:icon="@mipmap/ic_launcher"
108-->src/main/AndroidManifest.xml:57:13-47
109            android:label="@string/app_name" >
109-->src/main/AndroidManifest.xml:56:13-45
110            <intent-filter>
110-->src/main/AndroidManifest.xml:58:13-61:29
111                <action android:name="android.intent.action.MAIN" />
111-->src/main/AndroidManifest.xml:59:17-69
111-->src/main/AndroidManifest.xml:59:25-66
112
113                <category android:name="android.intent.category.LAUNCHER" />
113-->src/main/AndroidManifest.xml:60:17-77
113-->src/main/AndroidManifest.xml:60:27-74
114            </intent-filter>
115        </activity> <!-- Legacy DashboardActivity removed: the fragment-based dashboard (MainActivity -> MainFragment) is used instead. -->
116        <!-- PDF Generation Test Activity -->
117        <activity
117-->src/main/AndroidManifest.xml:67:9-70:40
118            android:name="com.extrotarget.extropos.pdf.test.PdfTestActivity"
118-->src/main/AndroidManifest.xml:68:13-53
119            android:exported="false"
119-->src/main/AndroidManifest.xml:69:13-37
120            android:label="PDF Test" />
120-->src/main/AndroidManifest.xml:70:13-37
121        <activity
121-->[androidx.fragment:fragment-testing-manifest:1.6.2] AndroidManifest.xml:26:9-35:20
122            android:name="androidx.fragment.app.testing.EmptyFragmentActivity"
122-->[androidx.fragment:fragment-testing-manifest:1.6.2] AndroidManifest.xml:27:13-79
123            android:exported="true"
123-->[androidx.fragment:fragment-testing-manifest:1.6.2] AndroidManifest.xml:28:13-36
124            android:multiprocess="true"
124-->[androidx.fragment:fragment-testing-manifest:1.6.2] AndroidManifest.xml:29:13-40
125            android:taskAffinity=""
125-->[androidx.fragment:fragment-testing-manifest:1.6.2] AndroidManifest.xml:30:13-36
126            android:theme="@style/FragmentScenarioEmptyFragmentActivityTheme" >
126-->[androidx.fragment:fragment-testing-manifest:1.6.2] AndroidManifest.xml:31:13-78
127            <intent-filter>
127-->[androidx.fragment:fragment-testing-manifest:1.6.2] AndroidManifest.xml:32:13-34:29
128                <action android:name="android.intent.action.MAIN" />
128-->src/main/AndroidManifest.xml:59:17-69
128-->src/main/AndroidManifest.xml:59:25-66
129            </intent-filter>
130        </activity>
131
132        <provider
132-->[androidx.emoji2:emoji2:1.2.0] AndroidManifest.xml:24:9-32:20
133            android:name="androidx.startup.InitializationProvider"
133-->[androidx.emoji2:emoji2:1.2.0] AndroidManifest.xml:25:13-67
134            android:authorities="com.extrotarget.extropos.androidx-startup"
134-->[androidx.emoji2:emoji2:1.2.0] AndroidManifest.xml:26:13-68
135            android:exported="false" >
135-->[androidx.emoji2:emoji2:1.2.0] AndroidManifest.xml:27:13-37
136            <meta-data
136-->[androidx.emoji2:emoji2:1.2.0] AndroidManifest.xml:29:13-31:52
137                android:name="androidx.emoji2.text.EmojiCompatInitializer"
137-->[androidx.emoji2:emoji2:1.2.0] AndroidManifest.xml:30:17-75
138                android:value="androidx.startup" />
138-->[androidx.emoji2:emoji2:1.2.0] AndroidManifest.xml:31:17-49
139            <meta-data
139-->[androidx.lifecycle:lifecycle-process:2.7.0] AndroidManifest.xml:29:13-31:52
140                android:name="androidx.lifecycle.ProcessLifecycleInitializer"
140-->[androidx.lifecycle:lifecycle-process:2.7.0] AndroidManifest.xml:30:17-78
141                android:value="androidx.startup" />
141-->[androidx.lifecycle:lifecycle-process:2.7.0] AndroidManifest.xml:31:17-49
142            <meta-data
142-->[androidx.profileinstaller:profileinstaller:1.3.0] AndroidManifest.xml:29:13-31:52
143                android:name="androidx.profileinstaller.ProfileInstallerInitializer"
143-->[androidx.profileinstaller:profileinstaller:1.3.0] AndroidManifest.xml:30:17-85
144                android:value="androidx.startup" />
144-->[androidx.profileinstaller:profileinstaller:1.3.0] AndroidManifest.xml:31:17-49
145        </provider>
146
147        <uses-library
147-->[androidx.window:window:1.0.0] AndroidManifest.xml:25:9-27:40
148            android:name="androidx.window.extensions"
148-->[androidx.window:window:1.0.0] AndroidManifest.xml:26:13-54
149            android:required="false" />
149-->[androidx.window:window:1.0.0] AndroidManifest.xml:27:13-37
150        <uses-library
150-->[androidx.window:window:1.0.0] AndroidManifest.xml:28:9-30:40
151            android:name="androidx.window.sidecar"
151-->[androidx.window:window:1.0.0] AndroidManifest.xml:29:13-51
152            android:required="false" />
152-->[androidx.window:window:1.0.0] AndroidManifest.xml:30:13-37
153
154        <activity
154-->[androidx.test:core:1.5.0] AndroidManifest.xml:27:9-34:20
155            android:name="androidx.test.core.app.InstrumentationActivityInvoker$BootstrapActivity"
155-->[androidx.test:core:1.5.0] AndroidManifest.xml:28:13-99
156            android:exported="true"
156-->[androidx.test:core:1.5.0] AndroidManifest.xml:29:13-36
157            android:theme="@style/WhiteBackgroundTheme" >
157-->[androidx.test:core:1.5.0] AndroidManifest.xml:30:13-56
158            <intent-filter android:priority="-100" >
158-->[androidx.test:core:1.5.0] AndroidManifest.xml:31:13-33:29
158-->[androidx.test:core:1.5.0] AndroidManifest.xml:31:28-51
159                <category android:name="android.intent.category.LAUNCHER" />
159-->src/main/AndroidManifest.xml:60:17-77
159-->src/main/AndroidManifest.xml:60:27-74
160            </intent-filter>
161        </activity>
162        <activity
162-->[androidx.test:core:1.5.0] AndroidManifest.xml:35:9-42:20
163            android:name="androidx.test.core.app.InstrumentationActivityInvoker$EmptyActivity"
163-->[androidx.test:core:1.5.0] AndroidManifest.xml:36:13-95
164            android:exported="true"
164-->[androidx.test:core:1.5.0] AndroidManifest.xml:37:13-36
165            android:theme="@style/WhiteBackgroundTheme" >
165-->[androidx.test:core:1.5.0] AndroidManifest.xml:38:13-56
166            <intent-filter android:priority="-100" >
166-->[androidx.test:core:1.5.0] AndroidManifest.xml:31:13-33:29
166-->[androidx.test:core:1.5.0] AndroidManifest.xml:31:28-51
167                <category android:name="android.intent.category.LAUNCHER" />
167-->src/main/AndroidManifest.xml:60:17-77
167-->src/main/AndroidManifest.xml:60:27-74
168            </intent-filter>
169        </activity>
170        <activity
170-->[androidx.test:core:1.5.0] AndroidManifest.xml:43:9-50:20
171            android:name="androidx.test.core.app.InstrumentationActivityInvoker$EmptyFloatingActivity"
171-->[androidx.test:core:1.5.0] AndroidManifest.xml:44:13-103
172            android:exported="true"
172-->[androidx.test:core:1.5.0] AndroidManifest.xml:45:13-36
173            android:theme="@style/WhiteBackgroundDialogTheme" >
173-->[androidx.test:core:1.5.0] AndroidManifest.xml:46:13-62
174            <intent-filter android:priority="-100" >
174-->[androidx.test:core:1.5.0] AndroidManifest.xml:31:13-33:29
174-->[androidx.test:core:1.5.0] AndroidManifest.xml:31:28-51
175                <category android:name="android.intent.category.LAUNCHER" />
175-->src/main/AndroidManifest.xml:60:17-77
175-->src/main/AndroidManifest.xml:60:27-74
176            </intent-filter>
177        </activity>
178
179        <service
179-->[androidx.room:room-runtime-android:2.7.0] AndroidManifest.xml:24:9-28:63
180            android:name="androidx.room.MultiInstanceInvalidationService"
180-->[androidx.room:room-runtime-android:2.7.0] AndroidManifest.xml:25:13-74
181            android:directBootAware="true"
181-->[androidx.room:room-runtime-android:2.7.0] AndroidManifest.xml:26:13-43
182            android:exported="false" />
182-->[androidx.room:room-runtime-android:2.7.0] AndroidManifest.xml:27:13-37
183
184        <receiver
184-->[androidx.profileinstaller:profileinstaller:1.3.0] AndroidManifest.xml:34:9-52:20
185            android:name="androidx.profileinstaller.ProfileInstallReceiver"
185-->[androidx.profileinstaller:profileinstaller:1.3.0] AndroidManifest.xml:35:13-76
186            android:directBootAware="false"
186-->[androidx.profileinstaller:profileinstaller:1.3.0] AndroidManifest.xml:36:13-44
187            android:enabled="true"
187-->[androidx.profileinstaller:profileinstaller:1.3.0] AndroidManifest.xml:37:13-35
188            android:exported="true"
188-->[androidx.profileinstaller:profileinstaller:1.3.0] AndroidManifest.xml:38:13-36
189            android:permission="android.permission.DUMP" >
189-->[androidx.profileinstaller:profileinstaller:1.3.0] AndroidManifest.xml:39:13-57
190            <intent-filter>
190-->[androidx.profileinstaller:profileinstaller:1.3.0] AndroidManifest.xml:40:13-42:29
191                <action android:name="androidx.profileinstaller.action.INSTALL_PROFILE" />
191-->[androidx.profileinstaller:profileinstaller:1.3.0] AndroidManifest.xml:41:17-91
191-->[androidx.profileinstaller:profileinstaller:1.3.0] AndroidManifest.xml:41:25-88
192            </intent-filter>
193            <intent-filter>
193-->[androidx.profileinstaller:profileinstaller:1.3.0] AndroidManifest.xml:43:13-45:29
194                <action android:name="androidx.profileinstaller.action.SKIP_FILE" />
194-->[androidx.profileinstaller:profileinstaller:1.3.0] AndroidManifest.xml:44:17-85
194-->[androidx.profileinstaller:profileinstaller:1.3.0] AndroidManifest.xml:44:25-82
195            </intent-filter>
196            <intent-filter>
196-->[androidx.profileinstaller:profileinstaller:1.3.0] AndroidManifest.xml:46:13-48:29
197                <action android:name="androidx.profileinstaller.action.SAVE_PROFILE" />
197-->[androidx.profileinstaller:profileinstaller:1.3.0] AndroidManifest.xml:47:17-88
197-->[androidx.profileinstaller:profileinstaller:1.3.0] AndroidManifest.xml:47:25-85
198            </intent-filter>
199            <intent-filter>
199-->[androidx.profileinstaller:profileinstaller:1.3.0] AndroidManifest.xml:49:13-51:29
200                <action android:name="androidx.profileinstaller.action.BENCHMARK_OPERATION" />
200-->[androidx.profileinstaller:profileinstaller:1.3.0] AndroidManifest.xml:50:17-95
200-->[androidx.profileinstaller:profileinstaller:1.3.0] AndroidManifest.xml:50:25-92
201            </intent-filter>
202        </receiver>
203    </application>
204
205</manifest>